C:\Users\pgiuglio\source\repos\Probamos\Probamos\front-prueba\dist\out-tsc\app\serivicio-prueba.service.js
C:\Users\pgiuglio\source\repos\Probamos\Probamos\front-prueba\dist\out-tsc\app\serivicio-prueba.service.js.map
C:\Users\pgiuglio\source\repos\Probamos\Probamos\front-prueba\dist\out-tsc\app\turnos-component\turnos-component.component.js
C:\Users\pgiuglio\source\repos\Probamos\Probamos\front-prueba\dist\out-tsc\app\turnos-component\turnos-component.component.js.map
C:\Users\pgiuglio\source\repos\Probamos\Probamos\front-prueba\dist\out-tsc\app\to-do-component\to-do-component.component.js
C:\Users\pgiuglio\source\repos\Probamos\Probamos\front-prueba\dist\out-tsc\app\to-do-component\to-do-component.component.js.map
C:\Users\pgiuglio\source\repos\Probamos\Probamos\front-prueba\dist\out-tsc\app\to-do-home\to-do-home.component.js
C:\Users\pgiuglio\source\repos\Probamos\Probamos\front-prueba\dist\out-tsc\app\to-do-home\to-do-home.component.js.map
C:\Users\pgiuglio\source\repos\Probamos\Probamos\front-prueba\dist\out-tsc\app\app-routing.module.js
C:\Users\pgiuglio\source\repos\Probamos\Probamos\front-prueba\dist\out-tsc\app\app-routing.module.js.map
C:\Users\pgiuglio\source\repos\Probamos\Probamos\front-prueba\dist\out-tsc\app\app.component.js
C:\Users\pgiuglio\source\repos\Probamos\Probamos\front-prueba\dist\out-tsc\app\app.component.js.map
C:\Users\pgiuglio\source\repos\Probamos\Probamos\front-prueba\dist\out-tsc\app\to-do-component\add-tarea\add-tarea.component.js
C:\Users\pgiuglio\source\repos\Probamos\Probamos\front-prueba\dist\out-tsc\app\to-do-component\add-tarea\add-tarea.component.js.map
C:\Users\pgiuglio\source\repos\Probamos\Probamos\front-prueba\dist\out-tsc\app\to-do-home\add-tarea-home\add-tarea-home.component.js
C:\Users\pgiuglio\source\repos\Probamos\Probamos\front-prueba\dist\out-tsc\app\to-do-home\add-tarea-home\add-tarea-home.component.js.map
C:\Users\pgiuglio\source\repos\Probamos\Probamos\front-prueba\dist\out-tsc\app\app.module.js
C:\Users\pgiuglio\source\repos\Probamos\Probamos\front-prueba\dist\out-tsc\app\app.module.js.map
C:\Users\pgiuglio\source\repos\Probamos\Probamos\front-prueba\dist\out-tsc\main.js
C:\Users\pgiuglio\source\repos\Probamos\Probamos\front-prueba\dist\out-tsc\main.js.map
C:\Users\pgiuglio\source\repos\Probamos\Probamos\front-prueba\dist\out-tsc\app\app.component.spec.js
C:\Users\pgiuglio\source\repos\Probamos\Probamos\front-prueba\dist\out-tsc\app\app.component.spec.js.map
C:\Users\pgiuglio\source\repos\Probamos\Probamos\front-prueba\dist\out-tsc\app\serivicio-prueba.service.spec.js
C:\Users\pgiuglio\source\repos\Probamos\Probamos\front-prueba\dist\out-tsc\app\serivicio-prueba.service.spec.js.map
C:\Users\pgiuglio\source\repos\Probamos\Probamos\front-prueba\dist\out-tsc\app\to-do-component\to-do-component.component.spec.js
C:\Users\pgiuglio\source\repos\Probamos\Probamos\front-prueba\dist\out-tsc\app\to-do-component\to-do-component.component.spec.js.map
C:\Users\pgiuglio\source\repos\Probamos\Probamos\front-prueba\dist\out-tsc\app\to-do-component\add-tarea\add-tarea.component.spec.js
C:\Users\pgiuglio\source\repos\Probamos\Probamos\front-prueba\dist\out-tsc\app\to-do-component\add-tarea\add-tarea.component.spec.js.map
C:\Users\pgiuglio\source\repos\Probamos\Probamos\front-prueba\dist\out-tsc\app\to-do-home\to-do-home.component.spec.js
C:\Users\pgiuglio\source\repos\Probamos\Probamos\front-prueba\dist\out-tsc\app\to-do-home\to-do-home.component.spec.js.map
C:\Users\pgiuglio\source\repos\Probamos\Probamos\front-prueba\dist\out-tsc\app\to-do-home\add-tarea-home\add-tarea-home.component.spec.js
C:\Users\pgiuglio\source\repos\Probamos\Probamos\front-prueba\dist\out-tsc\app\to-do-home\add-tarea-home\add-tarea-home.component.spec.js.map
C:\Users\pgiuglio\source\repos\Probamos\Probamos\front-prueba\dist\out-tsc\app\turnos-component\turnos-component.component.spec.js
C:\Users\pgiuglio\source\repos\Probamos\Probamos\front-prueba\dist\out-tsc\app\turnos-component\turnos-component.component.spec.js.map
